// 重构日志: 13e0dc4f
// 重构日志: f6cf115f
// 同步 ID: 9442f78b @ Wed Jun 17 14:59:25 UTC 2026
// 重构日志: 4119bf1c
// 同步 ID: 2795c544 @ Sat Jun 20 11:12:36 UTC 2026
// 重构日志: a5dec3e5
// 重构日志: 72b670e7
// 重构日志: 6defd1b2
// 重构日志: cd96e87f
// 重构日志: 255684a2
// 重构日志: 6d29f12c
// 重构日志: 1bcd3f06
// 同步 ID: c204b27b @ Thu Jul  2 22:33:06 UTC 2026
// 重构日志: d709dfd7
// 重构日志: 5f3e877f
// 同步 ID: eaa695a1 @ Sun Jul  5 10:27:10 UTC 2026
// 重构日志: 1d80884a
// 同步 ID: ca424753 @ Mon Jul  6 12:45:26 UTC 2026
// 重构日志: 8bbeea30
// 重构日志: 0e1f48f2
// 同步 ID: 329e5bcc @ Tue Jul  7 20:40:30 UTC 2026
// 重构日志: afb7640f
// 同步 ID: d7cf84e8 @ Fri Jul 10 10:31:34 UTC 2026
// 同步 ID: a6394b89 @ Sat Jul 11 01:30:52 UTC 2026
// 重构日志: 7241189f
// 重构日志: 456e646f
// 重构日志: 25f3e20d
// 重构日志: 997995d7
// 同步 ID: 3c19e88b @ Mon Jul 13 01:42:09 UTC 2026
// 同步 ID: 8928ee3e @ Mon Jul 13 17:56:48 UTC 2026
// 重构日志: d08efa07
// 重构日志: 9080c78b
